<?xml version="1.0" encoding="UTF-8"?>
<testng-results ignored="0" total="2" passed="2" failed="0" skipped="0">
  <reporter-output>
  </reporter-output>
  <suite started-at="2020-12-27T09:54:51 EST" name="expidiabootcamp" finished-at="2020-12-27T09:55:48 EST" duration-ms="56967">
    <groups>
    </groups>
    <test started-at="2020-12-27T09:54:51 EST" name="Test1" finished-at="2020-12-27T09:55:46 EST" duration-ms="55433">
      <class name="com.expedia.expedia.expidiaNewTest">
        <test-method is-config="true" signature="beforeClass(java.lang.String, java.lang.String)[pri:0, instance:com.expedia.expedia.expidiaNewTest@6b26e945]" started-at="2020-12-27T09:54:51 EST" name="beforeClass" finished-at="2020-12-27T09:55:03 EST" duration-ms="11700" status="PASS">
          <params>
            <param index="0">
              <value>
                <![CDATA[chrome]]>
              </value>
            </param>
            <param index="1">
              <value>
                <![CDATA[https://www.expedia.com/]]>
              </value>
            </param>
          </params>
          <reporter-output>
          </reporter-output>
        </test-method> <!-- beforeClass -->
        <test-method signature="f1()[pri:0, instance:com.expedia.expedia.expidiaNewTest@6b26e945]" started-at="2020-12-27T09:55:03 EST" name="f1" finished-at="2020-12-27T09:55:41 EST" duration-ms="38755" status="PASS">
          <reporter-output>
          </reporter-output>
        </test-method> <!-- f1 -->
        <test-method is-config="true" signature="afterClass()[pri:0, instance:com.expedia.expedia.expidiaNewTest@6b26e945]" started-at="2020-12-27T09:55:41 EST" name="afterClass" finished-at="2020-12-27T09:55:46 EST" duration-ms="4952" status="PASS">
          <reporter-output>
          </reporter-output>
        </test-method> <!-- afterClass -->
      </class> <!-- com.expedia.expedia.expidiaNewTest -->
    </test> <!-- Test1 -->
    <test started-at="2020-12-27T09:54:51 EST" name="test2" finished-at="2020-12-27T09:55:48 EST" duration-ms="56967">
      <class name="com.expedia.expedia.expidiaNewTest">
        <test-method is-config="true" signature="beforeClass(java.lang.String, java.lang.String)[pri:0, instance:com.expedia.expedia.expidiaNewTest@3cc2931c]" started-at="2020-12-27T09:54:51 EST" name="beforeClass" finished-at="2020-12-27T09:55:02 EST" duration-ms="11487" status="PASS">
          <params>
            <param index="0">
              <value>
                <![CDATA[Firefox]]>
              </value>
            </param>
            <param index="1">
              <value>
                <![CDATA[https://www.expedia.com/]]>
              </value>
            </param>
          </params>
          <reporter-output>
          </reporter-output>
        </test-method> <!-- beforeClass -->
        <test-method signature="f1()[pri:0, instance:com.expedia.expedia.expidiaNewTest@3cc2931c]" started-at="2020-12-27T09:55:02 EST" name="f1" finished-at="2020-12-27T09:55:42 EST" duration-ms="39504" status="PASS">
          <reporter-output>
          </reporter-output>
        </test-method> <!-- f1 -->
        <test-method is-config="true" signature="afterClass()[pri:0, instance:com.expedia.expedia.expidiaNewTest@3cc2931c]" started-at="2020-12-27T09:55:42 EST" name="afterClass" finished-at="2020-12-27T09:55:48 EST" duration-ms="5946" status="PASS">
          <reporter-output>
          </reporter-output>
        </test-method> <!-- afterClass -->
      </class> <!-- com.expedia.expedia.expidiaNewTest -->
    </test> <!-- test2 -->
  </suite> <!-- expidiabootcamp -->
</testng-results>
